<?xml version="1.0" encoding="UTF-8"?>
<!-- Generated by org.testng.reporters.JUnitReportReporter -->
<testsuite hostname="C02HF5APQ6L5" failures="0" tests="1" name="Sel.Tests.StandAloneTest2" time="40.343" errors="0" timestamp="2024-02-22T11:04:25 IST" skipped="0">
  <testcase classname="Sel.Tests.StandAloneTest2" name="submitOrder" time="40.343"/>
</testsuite> <!-- Sel.Tests.StandAloneTest2 -->
